[00:03:37] [Server thread/INFO]: Starting minecraft server version 1.12.2
[00:03:37] [Server thread/INFO]: Loading properties
[00:03:37] [Server thread/INFO]: Default game type: SURVIVAL
[00:03:37] [Server thread/INFO]: Generating keypair
[00:03:38] [Server thread/INFO]: Starting Minecraft server on *:25565
[00:03:38] [Server thread/INFO]: Using default channel type
[00:03:38] [Server thread/INFO]: This server is running CraftBukkit version git-Bukkit-809c399 (MC: 1.12.2) (Implementing API version 1.12.2-R0.1-SNAPSHOT)
[00:03:38] [Server thread/INFO]: [RacesAndClasses] Loading RacesAndClasses v1.2.4
[00:03:38] [Server thread/INFO]: [Vault] Loading Vault v1.5.6-b49
[00:03:38] [Server thread/INFO]: [Vault] Enabling Vault v1.5.6-b49
[00:03:38] [Server thread/INFO]: [Vault] [Permission] SuperPermissions loaded as backup permission system.
[00:03:38] [Server thread/INFO]: [Vault] Enabled Version 1.5.6-b49
[00:03:38] [Server thread/INFO]: Preparing level "world"
[00:03:38] [Server thread/INFO]: Preparing start region for level 0 (Seed: 9176745389026734944)
[00:03:39] [Server thread/INFO]: Preparing spawn area: 72%
[00:03:40] [Server thread/INFO]: Preparing start region for level 1 (Seed: 9176745389026734944)
[00:03:40] [Server thread/INFO]: Preparing start region for level 2 (Seed: 9176745389026734944)
[00:03:40] [Server thread/INFO]: [RacesAndClasses] Enabling RacesAndClasses v1.2.4
[00:03:41] [Server thread/INFO]: [RacesAndClasses] loaded: 99 traits, 3 races, 4 classes, 8 channels, hooked 12 Events
[00:03:41] [Server thread/INFO]: [RacesAndClasses] RacesAndClasses Version: '1.2.4' fully loaded with Permissions: Vault
[00:03:41] [Server thread/INFO]: Server permissions file permissions.yml is empty, ignoring it
[00:03:41] [Server thread/INFO]: Done (3.126s)! For help, type "help" or "?"
[00:03:41] [pool-3-thread-2/INFO]: [Vault] Checking for Updates ... 
[00:03:42] [pool-3-thread-2/INFO]: [Vault] No new version available
[00:03:51] [User Authenticator #1/INFO]: UUID of player ikjappeben6 is c52f8ca5-9dd9-4e64-adbf-e118f95bd5ec
[00:03:51] [Server thread/INFO]: ikjappeben6[/127.0.0.1:60095] logged in with entity id 124 at ([world]133.69999998807907, 74.0, 18.32822483887655)
[00:04:48] [Server thread/INFO]: ikjappeben6 issued server command: /race select
[00:05:15] [Server thread/INFO]: ikjappeben6 issued server command: /deop
[00:05:23] [Server thread/INFO]: ikjappeben6 issued server command: /deop ikjappeben6
[00:05:23] [Server thread/INFO]: [ikjappeben6: De-opped ikjappeben6]
[00:05:25] [Server thread/INFO]: ikjappeben6 issued server command: /race select
[00:05:51] [Server thread/INFO]: Opped ikjappeben6
[00:05:57] [Server thread/INFO]: ikjappeben6 issued server command: /vault
[00:06:00] [Server thread/INFO]: ikjappeben6 issued server command: /help
[00:06:04] [Server thread/INFO]: ikjappeben6 issued server command: /help vault
[00:07:07] [Server thread/INFO]: Stopping the server
[00:07:07] [Server thread/INFO]: Stopping server
[00:07:07] [Server thread/INFO]: [Vault] Disabling Vault v1.5.6-b49
[00:07:07] [Server thread/INFO]: [RacesAndClasses] Disabling RacesAndClasses v1.2.4
[00:07:07] [Server thread/INFO]: [RacesAndClasses]disabled RacesAndClasses v1.2.4
[00:07:07] [Server thread/INFO]: Saving players
[00:07:07] [Server thread/INFO]: ikjappeben6 lost connection: Server closed
[00:07:07] [Server thread/INFO]: ikjappeben6 left the game
[00:07:07] [Server thread/INFO]: Saving worlds
[00:07:07] [Server thread/INFO]: Saving chunks for level 'world'/overworld
[00:07:08] [Server thread/INFO]: Saving chunks for level 'world_nether'/the_nether
[00:07:08] [Server thread/INFO]: Saving chunks for level 'world_the_end'/the_end
